<?xml version="1.0" encoding="UTF-8"?>
<testng-results ignored="0" total="7" passed="7" failed="0" skipped="0">
  <reporter-output>
  </reporter-output>
  <suite started-at="2022-10-12T00:29:38 IST" name="Default suite" finished-at="2022-10-12T00:30:17 IST" duration-ms="38942">
    <groups>
    </groups>
    <test started-at="2022-10-12T00:29:38 IST" name="Default test" finished-at="2022-10-12T00:30:17 IST" duration-ms="38942">
      <class name="com.Testing.FlipkartTestChrome">
        <test-method is-config="true" signature="beforeClass()[pri:0, instance:com.Testing.FlipkartTestChrome@792b749c]" started-at="2022-10-12T00:29:38 IST" name="beforeClass" finished-at="2022-10-12T00:29:44 IST" duration-ms="5897" status="PASS">
          <reporter-output>
          </reporter-output>
        </test-method> <!-- beforeClass -->
        <test-method signature="closeLogin()[pri:1, instance:com.Testing.FlipkartTestChrome@792b749c]" started-at="2022-10-12T00:29:44 IST" name="closeLogin" finished-at="2022-10-12T00:29:45 IST" duration-ms="1291" status="PASS">
          <reporter-output>
          </reporter-output>
        </test-method> <!-- closeLogin -->
        <test-method signature="scroll()[pri:2, instance:com.Testing.FlipkartTestChrome@792b749c]" started-at="2022-10-12T00:29:45 IST" name="scroll" finished-at="2022-10-12T00:29:52 IST" duration-ms="6079" status="PASS">
          <reporter-output>
          </reporter-output>
        </test-method> <!-- scroll -->
        <test-method signature="searchProduct()[pri:3, instance:com.Testing.FlipkartTestChrome@792b749c]" started-at="2022-10-12T00:29:52 IST" name="searchProduct" finished-at="2022-10-12T00:29:57 IST" duration-ms="5590" status="PASS">
          <reporter-output>
          </reporter-output>
        </test-method> <!-- searchProduct -->
        <test-method signature="loadImage()[pri:4, instance:com.Testing.FlipkartTestChrome@792b749c]" started-at="2022-10-12T00:29:57 IST" name="loadImage" finished-at="2022-10-12T00:30:07 IST" duration-ms="10336" status="PASS">
          <reporter-output>
          </reporter-output>
        </test-method> <!-- loadImage -->
        <test-method signature="scrollFrequency()[pri:5, instance:com.Testing.FlipkartTestChrome@792b749c]" started-at="2022-10-12T00:30:07 IST" name="scrollFrequency" finished-at="2022-10-12T00:30:10 IST" duration-ms="2070" status="PASS">
          <reporter-output>
          </reporter-output>
        </test-method> <!-- scrollFrequency -->
        <test-method signature="downloadImages()[pri:6, instance:com.Testing.FlipkartTestChrome@792b749c]" started-at="2022-10-12T00:30:10 IST" name="downloadImages" finished-at="2022-10-12T00:30:10 IST" duration-ms="24" status="PASS">
          <reporter-output>
          </reporter-output>
        </test-method> <!-- downloadImages -->
        <test-method signature="screenResolution()[pri:7, instance:com.Testing.FlipkartTestChrome@792b749c]" started-at="2022-10-12T00:30:10 IST" name="screenResolution" finished-at="2022-10-12T00:30:17 IST" duration-ms="7582" status="PASS">
          <reporter-output>
          </reporter-output>
        </test-method> <!-- screenResolution -->
        <test-method is-config="true" signature="afterClass()[pri:0, instance:com.Testing.FlipkartTestChrome@792b749c]" started-at="2022-10-12T00:30:17 IST" name="afterClass" finished-at="2022-10-12T00:30:17 IST" duration-ms="1" status="PASS">
          <reporter-output>
          </reporter-output>
        </test-method> <!-- afterClass -->
      </class> <!-- com.Testing.FlipkartTestChrome -->
    </test> <!-- Default test -->
  </suite> <!-- Default suite -->
</testng-results>
