<?xml version="1.0" encoding="UTF-8"?>
<!-- Generated by org.testng.reporters.JUnitXMLReporter -->
<testsuite ignored="0" hostname="DESKTOP-TQ7CKSA" failures="0" tests="7" name="Default test" time="38.942" errors="0" timestamp="2022-10-12T00:30:17 IST">
  <testcase classname="com.Testing.FlipkartTestChrome" name="closeLogin" time="1.291"/>
  <testcase classname="com.Testing.FlipkartTestChrome" name="scroll" time="6.079"/>
  <testcase classname="com.Testing.FlipkartTestChrome" name="searchProduct" time="5.59"/>
  <testcase classname="com.Testing.FlipkartTestChrome" name="loadImage" time="10.336"/>
  <testcase classname="com.Testing.FlipkartTestChrome" name="scrollFrequency" time="2.07"/>
  <testcase classname="com.Testing.FlipkartTestChrome" name="downloadImages" time="0.024"/>
  <testcase classname="com.Testing.FlipkartTestChrome" name="screenResolution" time="7.582"/>
</testsuite> <!-- Default test -->
